<?xml version="1.0" encoding="UTF-8"?>
<testng-results skipped="0" failed="0" ignored="0" total="2" passed="2">
  <reporter-output>
  </reporter-output>
  <suite name="Suite" duration-ms="8212" started-at="2023-01-25T08:11:37Z" finished-at="2023-01-25T08:11:45Z">
    <groups>
    </groups>
    <test name="chromeTest" duration-ms="8124" started-at="2023-01-25T08:11:37Z" finished-at="2023-01-25T08:11:45Z">
      <class name="org.drivercheck.Hello1">
        <test-method status="PASS" signature="test(java.lang.String)[pri:0, instance:org.drivercheck.Hello1@5383967b]" name="test" duration-ms="8088" started-at="2023-01-25T08:11:37Z" finished-at="2023-01-25T08:11:45Z">
          <params>
            <param index="0">
              <value>
                <![CDATA[chrome]]>
              </value>
            </param>
          </params>
          <reporter-output>
          </reporter-output>
        </test-method> <!-- test -->
      </class> <!-- org.drivercheck.Hello1 -->
    </test> <!-- chromeTest -->
    <test name="edgeTest" duration-ms="8212" started-at="2023-01-25T08:11:37Z" finished-at="2023-01-25T08:11:45Z">
      <class name="org.drivercheck.Hello1">
        <test-method status="PASS" signature="test(java.lang.String)[pri:0, instance:org.drivercheck.Hello1@2b9627bc]" name="test" duration-ms="8179" started-at="2023-01-25T08:11:37Z" finished-at="2023-01-25T08:11:45Z">
          <params>
            <param index="0">
              <value>
                <![CDATA[edge]]>
              </value>
            </param>
          </params>
          <reporter-output>
          </reporter-output>
        </test-method> <!-- test -->
      </class> <!-- org.drivercheck.Hello1 -->
    </test> <!-- edgeTest -->
  </suite> <!-- Suite -->
</testng-results>
